\BOOKMARK [1][-]{section.1}{\376\377\0001\000s\000t\000\040\000o\000r\000d\000e\000r\000\040\000l\000i\000n\000e\000a\000r\000\040\000O\000D\000E}{}% 1
\BOOKMARK [2][-]{subsection.1.1}{\376\377\000S\000e\000p\000e\000r\000a\000b\000l\000e\000\040\000E\000q\000u\000a\000t\000i\000o\000n}{section.1}% 2
\BOOKMARK [2][-]{subsection.1.2}{\376\377\000G\000e\000n\000e\000r\000a\000l\000\040\000F\000o\000r\000m\000u\000l\000a\000\040\000f\000o\000r\000\040\0001\000s\000t\000\040\000o\000r\000d\000e\000r\000\040\000O\000D\000E}{section.1}% 3
\BOOKMARK [2][-]{subsection.1.3}{\376\377\000B\000e\000r\000n\000o\000u\000l\000l\000i\000\040\000E\000q\000u\000a\000t\000i\000o\000n}{section.1}% 4
\BOOKMARK [2][-]{subsection.1.4}{\376\377\000R\000i\000c\000a\000t\000t\000i\000\040\000E\000q\000u\000a\000t\000i\000o\000n}{section.1}% 5
\BOOKMARK [2][-]{subsection.1.5}{\376\377\000H\000o\000m\000o\000g\000e\000n\000e\000o\000u\000s\000\040\000E\000q\000u\000a\000t\000i\000o\000n}{section.1}% 6
\BOOKMARK [2][-]{subsection.1.6}{\376\377\000E\000x\000a\000c\000t\000\040\000E\000q\000u\000a\000t\000i\000o\000n}{section.1}% 7
\BOOKMARK [1][-]{section.2}{\376\377\0002\000n\000d\000\040\000o\000r\000d\000e\000r\000\040\000O\000D\000E}{}% 8
\BOOKMARK [2][-]{subsection.2.1}{\376\377\000C\000h\000a\000r\000a\000c\000t\000e\000r\000i\000s\000t\000i\000c\000\040\000E\000q\000u\000a\000t\000i\000o\000n}{section.2}% 9
\BOOKMARK [3][-]{subsubsection.2.1.1}{\376\377\000C\000a\000s\000e\000\040\0001\000:\000\040\000D\000i\000s\000t\000i\000n\000c\000t\000\040\000R\000e\000a\000l\000\040\000R\000o\000o\000t\000s}{subsection.2.1}% 10
\BOOKMARK [3][-]{subsubsection.2.1.2}{\376\377\000C\000a\000s\000e\000\040\0002\000:\000\040\000R\000e\000p\000e\000a\000t\000e\000d\000\040\000R\000e\000a\000l\000\040\000R\000o\000o\000t\000s}{subsection.2.1}% 11
\BOOKMARK [3][-]{subsubsection.2.1.3}{\376\377\000C\000a\000s\000e\000\040\0003\000:\000\040\000C\000o\000m\000p\000l\000e\000x\000\040\000C\000o\000n\000j\000u\000g\000a\000t\000e\000\040\000R\000o\000o\000t\000s}{subsection.2.1}% 12
\BOOKMARK [2][-]{subsection.2.2}{\376\377\000N\000o\000n\000-\000h\000o\000m\000o\000g\000e\000n\000e\000o\000u\000s\000\040\000E\000q\000u\000a\000t\000i\000o\000n}{section.2}% 13
\BOOKMARK [3][-]{subsubsection.2.2.1}{\376\377\000C\000a\000s\000e\000\040\0001\000:\000\040\000P\000o\000l\000y\000n\000o\000m\000i\000a\000l\000s}{subsection.2.2}% 14
\BOOKMARK [3][-]{subsubsection.2.2.2}{\376\377\000C\000a\000s\000e\000\040\0002\000:\000\040\000E\000x\000p\000o\000n\000e\000n\000t\000i\000a\000l}{subsection.2.2}% 15
\BOOKMARK [3][-]{subsubsection.2.2.3}{\376\377\000C\000a\000s\000e\000\040\0003\000:\000\040\000T\000r\000i\000g\000o\000n\000o\000m\000e\000t\000r\000i\000c\000\040\000F\000u\000n\000c\000t\000i\000o\000n\000s}{subsection.2.2}% 16
\BOOKMARK [3][-]{subsubsection.2.2.4}{\376\377\000M\000i\000x\000e\000d\000\040\000C\000a\000s\000e\000s\000\040\000P\000r\000o\000b\000l\000e\000m\000s}{subsection.2.2}% 17
\BOOKMARK [2][-]{subsection.2.3}{\376\377\000C\000a\000u\000c\000h\000y\000-\000E\000u\000l\000e\000r\000\040\000E\000q\000u\000a\000i\000t\000o\000n}{section.2}% 18
\BOOKMARK [3][-]{subsubsection.2.3.1}{\376\377\000C\000a\000s\000e\000\040\0001\000:\000\040\000D\000i\000s\000t\000i\000n\000c\000t\000\040\000r\000e\000a\000l\000\040\000r\000o\000o\000t\000s}{subsection.2.3}% 19
\BOOKMARK [3][-]{subsubsection.2.3.2}{\376\377\000C\000a\000s\000e\000\040\0002\000:\000\040\000R\000e\000p\000e\000a\000t\000e\000d\000\040\000R\000o\000o\000t\000s}{subsection.2.3}% 20
\BOOKMARK [3][-]{subsubsection.2.3.3}{\376\377\000C\000a\000s\000e\000\040\0003\000:\000\040\000C\000o\000m\000p\000l\000e\000x\000\040\000C\000o\000n\000j\000u\000g\000a\000t\000e\000\040\000R\000o\000o\000t\000s}{subsection.2.3}% 21
\BOOKMARK [2][-]{subsection.2.4}{\376\377\000V\000a\000r\000i\000a\000t\000i\000o\000n\000\040\000o\000f\000\040\000P\000a\000r\000a\000m\000e\000t\000e\000r\000s}{section.2}% 22
\BOOKMARK [2][-]{subsection.2.5}{\376\377\000D\000-\000o\000p\000e\000r\000a\000t\000o\000r\000\040\000\050\000O\000p\000t\000i\000o\000n\000a\000l\000\051}{section.2}% 23
\BOOKMARK [1][-]{section.3}{\376\377\000L\000a\000p\000l\000a\000c\000e\000\040\000T\000r\000a\000n\000s\000f\000o\000r\000m}{}% 24
\BOOKMARK [2][-]{subsection.3.1}{\376\377\000R\000e\000l\000a\000t\000i\000o\000n\000\040\000b\000e\000t\000w\000e\000e\000n\000\040\000d\000e\000r\000i\000v\000a\000t\000i\000v\000e\000s\000\040\000a\000n\000d\000\040\000l\000a\000p\000l\000a\000c\000e\000\040\000t\000r\000a\000n\000s\000f\000o\000r\000m}{section.3}% 25
\BOOKMARK [2][-]{subsection.3.2}{\376\377\000S\000h\000i\000f\000t\000i\000n\000g\000\040\000P\000r\000o\000p\000e\000r\000t\000i\000e\000s\000\040\000o\000f\000\040\000L\000a\000p\000l\000a\000c\000e\000\040\000T\000r\000a\000n\000s\000f\000o\000r\000m}{section.3}% 26
