1622650073
984943658
1784484492
1458777923
282475249
823564440
1817129560
1954899097
1580723810
1356425228
16807
563613512
16807
823564440
2035308228
343098142
343098142
1458777923
1341853635
1784484492
2146319451
1646035001
884936716
884936716
16807
282475249
16807
537140623
1341853635
944975825
1459413496
152607844
152607844
343098142
1534827968
2044747317
750597385
1522395419
1289335735
2119878818
1112576031
1635339425
1581030105
57716395
578354438
537140623
1637608155
1290659378
989340000
707953178
1580723810
1442645480
685583454
307187357
322842082
2043046042
203042009
34075629
487495370
2146319451
685428651
1592822761
837204200
1532062767
555860589
1341853635
307187357
1237322012
1459413496
330111137
944975825
578354438
529855395
13055348
1442645480
1522395419
1625151580
1778878209
151687230
910297865
2092190960
2111631616
6441594
994977995
482756891
1144108930
2111631616
754451257
1290659378
1187262410
1849385936
132567129
177181445
981747696
989340000
137017237
121205400
1681808623
1440942217
482756891
151043710
1681808623
1635339425
754451257
836941832
571486540
197941363
981747696
2142326661
937217003
97368447
359301516
152607844
1522395419
996497972
1532649039
1238489553
108668244
1205777106
1459413496
498383912
1817129560
529855395
1459413496
1532329536
1112576031
1570591835
2092190960
1703775251
345205658
1867224300
1130301905
828433549
1996510761
1902737335
1528087670
828433549
1130301905
1005240150
1502883016
571486540
1484182762
2108898567
750597385
2044747317
482756891
500078034
1653662173
1208199196
1834735140
1590767370
1372366437
1767145035
1746474819
2044747317
624917313
1112576031
967113755
1130301905
1061382253
1110561113
1532649039
6441594
1458777923
309543566
244116641
1442645480
572547747
1532649039
835740262
1510474410
532236123
480385122
1722463037
482756891
38193236
107466671
1489470342
1399125485
1835246221
1021979358
1923552800
556455472
152607844
1290659378
250334414
1971319798
173958028
1588991120
604612300
984943658
48236096
1746474819
840725869
137017237
1978084747
1605675327
1686783873
1046279452
524102504
272918561
678030193
1404181687
742794292
821019290
1187262410
38193236
835500476
209234791
1208199196
556455472
1667292172
1495170053
177181445
1306624513
598709266
1268000110
2119655641
487495370
229803083
1356425228
38193236
1522395419
888155364
775654832
915896220
16807
1996510761
152607844
578354438
1722463037
473917746
132567129
272918561
458633347
1653662173
1248300236
1998559829
1147722294
1431005949
389114981
1061382253
1237322012
1101581096
1598733599
242817253
2125225363
1987760720
1978847939
526439150
1996510761
349949754
1191375766
1748951034
1154112991
137017237
1341853635
2089423258
46741879
1534827968
2067029090
936509543
1541379946
1378888929
1887985652
943842319
20632783
699174992
950527144
1990222304
1266233526
2118199609
1595850963
1665836871
1722463037
1667292172
1483422675
84083
294405869
1300521576
1253497317
571486540
1567627484
1921919875
994977995
862929593
941222281
151043710
24864915
1817129560
857151853
1289335735
1399125485
1112576031
751490117
1554426955
1415002952
718044156
1592609468
361713382
553029607
390585118
866913112
1722321934
1055151240
121205400
1885902501
1205777106
840725869
15049440
390585118
1378888929
345205658
2125225363
954526234
761140582
1867224300
1458777923
1348178968
973300198
1625151580
1458777923
1668306648
836941832
1755440423
1780363501
1378888929
2147483531
1440942217
841369449
2049458985
1734451620
1407783695
1751829968
1239185157
395899439
578354438
1252119416
1260723224
462851407
1436280767
1807468129
1635179308
1293580500
451109352
775654832
998595019
1789871857
859880606
237955200
1924350530
1520045406
2047114878
2028505020
1543821265
1596502756
1974846679
1183995177
1596502756
1754634414
1534827968
1290659378
896040537
981140204
1034486385
1828087692
132567129
229803083
604612300
1889024460
65238695
862929593
996497972
2060542775
2142326661
1819343967
237955200
151687230
1356425228
2125225363
282475249
1389628018
1482449220
1746474819
1605675327
1290659378
566211825
874198470
473917746
65238695
1600442306
2082344010
1303243786
1009200907
2044747317
1483839227
266898514
1667292172
1035623790
742345408
566211825
1121267422
1112419897
930637903
1158577467
998595019
920998393
1972986481
459607900
390585118
1108278274
1824152399
1499292694
1685700813
1415002952
1372366437
1648603765
1384907698
2035308228
2069828928
1290659378
459607900
586004101
1106669492
1532062767
1554426955
1471006711
1433118632
495149352
516446605
994977995
1081920176
605962173
1640814040
281369880
555860589
1722463037
1208199196
1378888929
1008667245
571049654
1532062767
1619693086
85361674
2087492231
1379521167
1768693159
1489470342
969502012
26550930
1625538587
533552415
1095376114
598709266
5018383
262467120
2015135527
1262275345
1168017184
996497972
1217320417
1823359178
1168292834
1511519951
1404181687
1598733599
2112935362
1925228542
266898514
887248105
454412971
791025007
1722463037
564552520
1234157104
1145745108
1588991120
1049567669
1122389175
448129341
1796580167
1261990845
568629937
2096192221
1590767370
1274895608
1016874985
1471118396
1625151580
892471720
1522395419
907225550
736906383
1511519951
2059111528
981747696
1796580167
153838213
604612300
628070245
1474975158
2047114878
2054221501
777800262
615449898
2036770363
1755440423
5018383
1013304119
955308353
1990222304
2016938585
877617562
753698822
251606020
1615779104
112286479
1581030105
1191375766
2059111528
1427015023
920432122
1617428359
1902737335
1644985474
1016874985
2105490470
1283497205
435546856
1059750158
672138927
785914632
266898514
2044747317
766999452
1229309669
2122026730
603291624
2125225363
750607936
24864915
458633347
1235407518
571486540
1854915123
1768693159
1605675327
1391806501
1978837110
1873563006
1818397740
2119878818
2009076325
775654832
485993904
2121570900
1130301905
1101581096
281725226
1079477148
1834735140
751490117
841369449
1740396144
1208199196
1312829841
151043710
1442645480
1514447800
1792486327
395899439
1266231506
1099456187
226154992
1342777657
1077173586
1541547472
1720905129
604612300
1532062767
2005815166
618198881
840725869
95911865
1528087670
604612300
1253497317
296653380
772429938
603291624
132567129
2049458985
112286479
1939570673
1510074329
2121578553
604612300
1672649243
1355760826
1648603765
1428592146
915896220
1746474819
1399703186
1375150522
1483839227
1868047859
108431226
815146994
988380508
1928698809
1227522515
20539821
1684850160
1484182762
1648603765
1645325369
514697432
1289335735
247463372
1275327683
672138927
1734451620
276267568
2105490470
38193236
451904745
840725869
459607900
1290659378
361713382
1543821265
1619397842
278819043
430360979
1260723224
1618310015
1133495475
1598733599
856974279
69333540
1686783873
1290155439
606864955
1105240049
1411860814
740914823
458633347
572547747
102303120
1277670742
1944797721
340202900
2059111528
1277534008
236563616
1329951252
597350818
1313116742
1482449220
1902737335
949468869
1306355046
1266231506
1580723810
248565777
800532526
911206864
797676873
1446552988
1162971946
555474161
803224812
1379521167
955308353
1675487866
972899151
1117321188
615449898
278819043
1483839227
10010938
1120070125
888912333
53764993
1635339425
209339419
314467863
132408592
1459413496
984580318
1590767370
2100928235
1242933387
528926184
1665836871
1090169577
562345819
615449898
1312306078
656900037
1476871089
931218476
1095982796
1649799401
2069828928
1974846679
1668306648
591304913
1807468129
1016874985
571486540
598994537
2093598582
1675282582
702363084
1593559689
1848149578
870748417
1306355046
984611716
1374815610
476011880
411490650
251606020
190711622
996497972
892471720
636812963
149805457
112286479
1818397740
1059344000
1383892585
83342649
1582664031
151043710
2131843667
1593549804
303070558
1635179308
524102504
1684850160
931218476
553029607
446675750
2059111528
1623161625
836388247
13259019
877444458
254160780
1488817392
1374590687
233871160
374986789
1668306648
964881464
1407783695
1656294639
273909078
2130687802
635348656
381395752
836388247
1176377448
1127200226
1500456578
1791793583
1529971771
1100695123
1009792279
1415002952
1316249136
705905027
2120318492
132408592
1486421564
369774970
681170435
187696504
1022157367
1465966194
205058299
451043754
1440942217
1832619855
1038525826
173958028
1500456578
1383892585
1066493250
1667292172
1489470342
1281475920
556455472
984673077
1412437284
381395752
686477111
487547097
1917582787
954526234
1665836871
83342649
424166537
530945068
237796389
1671856870
1625151580
1835246221
485993904
1510474410
1471006711
80513344
766999452
686477111
178050379
529799680
423453124
1006056040
1863316319
1021075858
1722321934
1266605903
1792486327
618154670
2065506194
1608648735
871650282
619997917
1629682197
518236859
370910296
1377925664
1680293002
609129945
1625538587
1895782916
1427015023
1038052772
1474975158
1966832194
1480228872
445131067
616300387
1099456187
485993904
1293452602
447676242
71032851
1391806501
1675487866
1055151240
717986990
2009076325
878115305
1705244449
585090504
1541547472
622667988
1412437284
275827635
2119878818
1384609252
1620827491
1374815610
1457760985
649586675
1056073869
1954153012
946580062
704031752
399424935
615449898
1009792279
594352115
1182526500
742270128
681170435
187696504
1505924560
1422187704
984580318
948554309
627891450
1103539660
2100928235
1777959848
412672536
791025007
1528449381
37576354
786720632
887972091
771036504
953692902
403906884
2008685511
1026614920
1141221263
282475249
1579753861
2009104162
949468869
1431306586
108668244
251606020
1140241076
1770024970
237955200
270663744
603727957
1475767657
587921685
1465966194
361713382
887972091
1703775251
326949173
446675750
367021991
256290394
1921919875
108431226
1917167081
842816461
571049654
35778336
940331597
331290219
15909258
2130814642
1022157367
753698822
226154992
950885006
137017237
755905516
1148188250
253940441
1233313723
568356771
90328640
940331597
79255064
2125429421
1770024970
1981000027
1241229820
1067860114
899502399
969049681
2139945753
1685700813
454412971
1006056040
254160780
2079442389
152592125
988380508
1536837790
1105074252
1470168888
1534827968
322570656
891211782
1314919873
571486540
106188330
971293987
999774327
780027391
272082429
1723469457
447566427
969502012
1779824157
1398395325
1220005219
1913990840
1114622623
1648603765
1791793583
1162971946
1459413496
481758097
528926184
681170435
587921685
1825701043
1389628018
836045813
424166537
317062557
473341289
1316130760
945246420
1812596241
1020531026
1745596560
899511697
132408592
950885006
396135092
694914783
1192335011
1532062767
1944797721
703974235
870387522
178050379
216271154
1064584400
1696134379
598709266
878115305
920432122
955308353
969502012
1539682647
1629266348
1474975158
1649799401
2048595248
893369089
884865950
1072541235
1440942217
1259415155
242817253
107365704
237955200
1412877791
1834735140
318720978
155017137
1882722743
1342496919
586027183
1066156125
1141221263
378210140
1600442306
772534045
1025830639
1645325369
619258248
156021307
2058805631
202010101
53764993
1427015023
1887287244
1873759223
627891450
360184061
478285138
1476063837
1277670742
1992294869
1569265277
815146994
2024700921
564362681
1230199157
747384687
1551940002
208617183
1603879719
2129345533
1330232386
1163442491
72444293
447676242
1061196908
1611845731
238370012
876461732
618198881
1650414071
1737498842
35778336
697785251
1193489656
1168292834
96410414
1837669986
1674350722
1215421261
1234157104
1372366437
555860589
137017237
1787210807
232503234
727027992
2003303635
1083294608
1474556735
568629937
1629888615
236563616
570707174
1893540316
815783363
971851118
1672649243
1939570673
1257379903
670750878
1079477148
2113049184
537140623
684914544
197216049
1411043870
1990670071
1573828145
1859364792
685993226
878152665
2065506194
166510363
1529038775
2008519102
878152665
1484182762
1476871089
1468214484
1056073869
1849263422
955308353
1771824917
1593549804
2049458985
360184061
1650414071
635348656
1730318197
1750837825
1880923503
1331183873
2034537912
80513344
1941214265
361713382
466580833
162197404
1687111581
654966252
676589787
1089248341
712332258
943842319
2082722299
1893584832
1872328199
63294420
570707174
1913424728
1275327683
997277550
1078676899
1755289019
208617183
1656294639
912809739
1185006503
1028034561
44837567
1801856151
750049635
1274174513
1163442491
166510363
1636141719
1399703186
476011880
395376581
1821821291
759953328
105536836
2016341154
1843563948
232503234
618198881
122707198
306250204
856974279
1286033036
1860675301
369774970
840089308
964154080
1860586128
159837128
1760665691
1021627114
1330232386
536639601
1428592146
194542978
1342777657
619258248
1637535504
254302907
273909078
1018808176
1604628011
1098537112
1882722743
1916617785
1906345376
361713382
1627434328
361071435
767411295
107365704
63294420
897212914
1093864812
606864955
1032825278
2034712366
1820964771
24864915
606864955
474756169
573699167
787028678
1777959848
1578873475
1555369320
1990670071
1096895193
1115453013
1483839227
838913
1067860114
977963167
843345749
46741879
1286033036
290659938
334627131
1193117848
1298717473
896040537
717880928
1312306078
21369963
1193489656
1060774840
1626145706
1090851819
1489470342
815030545
2114980854
1595850963
1633085181
1277670742
1860586128
1455239096
412672536
485020763
1608648735
1329966701
1193683473
1241229820
1668536376
711308302
1163313729
1541379946
1329966701
1629682197
1159206792
270649095
726031364
43933419
1440942217
1051999629
1862285043
485046524
984611716
1528449381
1034011527
1269691808
208214055
984580318
1314593281
965065775
1299116765
361071435
899093320
123296599
1354107113
1904886259
952539874
1405230162
810853809
1941998528
739946884
1882722743
1038525826
798956517
1727878399
1034486385
85361674
1472528851
1510332243
237169687
1297871571
1509442965
2125225363
856974279
232503234
469801182
1217984205
270649095
924176425
411490650
1640606915
1515150230
1246682151
418180040
1193489656
18478204
1087693397
366052950
727027992
446675750
360184061
610083139
2003303635
701085273
516626024
1277670742
856698342
1193489656
471180773
1207762017
1051999629
99435619
1144627611
1758144425
1767145035
100134707
191028334
1734242657
1834053336
1413004076
706918614
539244054
524209
344388797
1411794749
1281971135
90098343
1412349621
554436985
20539821
186012278
1637093557
1238883907
2131843667
1658908574
893369089
2096661910
943842319
329109439
2082344010
1270326326
1971319798
738104624
605941692
667312311
1188211664
2131843667
393466835
703974235
591304913
1329951252
739946884
66112103
424166537
1506052264
840089308
1051999629
1093864812
1771559731
710770592
1996510761
681170435
1085614563
1705095977
827251361
290659938
1954153012
1914900546
322570656
321793567
1061106910
1087693397
2014049090
991083612
1522395419
1872328199
14799688
1866475815
147635202
1855429762
629521010
2120684411
1021075858
466196812
681170435
1051999629
1241924550
241397255
1038052772
897212914
1573828145
84285948
1739713851
621839370
1343029489
2024700921
2079442389
1431306586
1034011527
336824024
930249854
1090169577
1904886259
981747696
412091859
1428592146
764808513
1031992331
123613788
1555369320
1253380074
900360233
2057910605
148963664
1618041505
39150667
1653784578
1277561283
478285138
1593559689
242817253
1006056040
236583695
899186389
1332884381
266898514
1329966701
2049458985
1314919873
701085273
239606045
296223535
1884461081
545424994
2074078708
861150603
389114981
1343029489
1067860114
815921146
1272980039
575493576
1535124290
2029258116
350895719
209694679
1834735140
2065506194
339392236
1039556199
1243714159
2065665536
495231255
2014961237
1931392566
483861048
2012362177
152364254
385493012
822260322
645412414
405011490
717078039
1390166388
21369963
1780363501
1819885482
254160780
1745596560
259228068
982877609
1917582787
1917582787
1435133847
1066156125
1245857583
1468494583
1384408694
953014739
1294113023
1907995695
1742330161
907571834
401037927
158515317
486742003
786720632
232184090
1921919875
1821254197
1312829841
1826674172
562345819
2069331529
2001210080
1949717583
562345819
1049624409
5018383
1072541235
1596087894
612211162
836997036
1162936798
1056344687
624491120
6441594
2100205648
950527144
1564547824
1064773431
71827288
672138927
305278150
1995528148
984611716
1488742677
2038880392
1755440423
1001120920
1595570603
2003957311
772534045
1487507941
1077446213
1746311153
1386383316
1306355046
859880606
1705353398
516626024
157244553
871650282
5018383
953009078
1018173033
828433549
786720632
1483422675
893369089
896867203
63641305
256874238
1241924550
1056073869
555860589
1509442965
1007045934
1374590687
1940617270
568356771
1029868805
1745676626
1704827491
1220005219
1728724419
307912247
412036043
2091043644
1148271614
1484544833
1735098457
239369193
1427803702
1598733599
666020505
795907900
1816791237
368213053
2018679294
2131843667
372212905
1751853212
208214055
1827326672
612211162
1734749070
870280317
1233313723
770142663
1552722869
715788587
535270881
447566427
1618310015
1598740244
225547016
2065665536
20632783
548080836
283730066
1783152823
1367255652
411462545
1246232763
2096893934
293237373
1875080390
523305632
1653783133
885184881
292993047
969221834
232978251
1839326123
1567627484
1418966035
1738104156
1080287434
1520160847
140644571
1548344679
690616222
430180657
224450030
1293195853
1887377127
413673602
1001120920
1131115421
1398395325
1684850160
1554426955
2125262188
1876568028
1521681079
1873563006
1181694592
253940441
1158531813
174647297
1571668636
517218016
667771001
80612263
1439459639
396135092
446267109
1882219146
152364254
1596087894
1580797911
186228235
110933440
1196282487
486019232
1205349006
71827288
1554763879
368338688
1990954229
66112103
1528087670
1630445038
1968238403
275161122
897872806
1262861661
1453900661
1512994835
879965253
1769336748
1470903901
231299909
951062010
1694903071
84285948
686477111
316761032
509528817
488036143
1594704115
568673197
568629937
1923127518
1843563948
1685700813
1844169343
175210669
1117852526
65186268
1870018190
1509442965
1771559731
1603902240
777800262
942541905
572572397
821164002
1313616120
56181964
711121053
693639417
1483839227
110229165
1882493530
1253380074
477944392
524846382
1461279945
6017716
689954646
234137079
1699679115
64091907
1517798135
2139945753
2009563143
1355760826
1581953064
951062010
1835246221
110229165
1147968036
85361674
1545585992
1257906628
1187651655
1215421261
932274672
1203417889
1587694259
234137079
870280317
727205200
1095982796
638160171
1022216791
321806223
360184061
747021014
729081380
1347053738
2065641137
1948413547
361071435
2014049090
573699167
1532649039
1017766944
1391238893
311338285
541517410
156324027
289880835
604612300
1844158630
2045079660
2018679294
1731077449
729081380
248565777
477295977
446267109
916008469
483861048
705681489
66641475
1139833627
763012958
1868231058
1152413898
615449898
306250204
1541547472
1619397842
198011
1028034561
2136303011
827773459
248452049
1639763834
99890176
202010101
1894513084
831611349
682479384
835966968
22688712
1419007794
888003658
334627131
1683898861
822841972
541809502
1741065199
2055255864
804459944
395899439
310418873
514697432
913394127
1720411663
827773459
166643624
743468202
919742003
566211825
1675487866
162844005
2112677423
1231516801
1229101166
97550590
2039735896
1474651677
1571254392
1365504777
173942219
870748417
1381428072
1792486327
967801240
605941692
827742948
1674756098
2134729394
1216988667
1999511938
1393777757
722493057
1061196908
1555676451
1494975225
795907900
1593524885
28411705
1861363710
1580438996
1892961645
837126241
2009457409
1002086332
161849452
386296351
1287788623
663094722
1517458116
486606687
396952288
2036560549
1569265277
236497386
100134707
738104624
231299909
1728693187
2009563143
1810681143
1085614563
972026726
1593688184
1639763834
545424994
1314799296
182048270
273570994
641801822
836045813
143958058
481758097
999774327
35962122
1128981408
563773455
135111299
1249891565
815146994
704091193
1289335735
722493057
1772120179
1342985666
1618041505
1673143730
987715988
2104912488
747574342
1418401224
2012598827
1673143730
2021007972
1168667214
899511697
293002250
1676416921
1010478598
108668244
1760322869
2013457507
845717203
1781547912
126372266
396679637
555831938
2067029090
140676207
831748807
342036554
628070245
529855395
2095186766
1593524885
948048264
326949173
158515317
207008691
734770781
800532526
2108197271
1191359089
874755767
1885544809
961065174
1029868805
283766390
1300521576
445268191
818042009
1259415155
2059027947
1213855023
1191359089
1476003502
2135382200
223792594
1900954018
1174365979
1671419479
948554309
1315322785
1833953193
1759696300
1185006503
827742948
1818980266
83506924
717986990
831611349
1532853363
301427463
396135092
145880482
703593191
1997651787
771036504
1033513300
1761963393
197162592
1216988667
1685611196
862929593
395899439
704735872
481736115
457910595
147175543
1220359807
1861363710
602256496
245042251
1366282856
422364058
1372184882
1415470335
796568899
1343168183
740659735
1018738793
1862124134
2067029090
2107641669
1208448058
2033084186
1112576031
1415628473
1468494583
1350323207
242705366
377472348
1411860814
183250223
1816939563
1984409426
305278150
1241229820
254238128
861150603
1629888615
1650611940
167811708
211614200
15527574
1753430272
1688696183
1423992742
1615992271
1373963563
564984876
1659216625
308047696
420890886
236563616
445131067
1286473982
775509899
350895719
390463588
1570591835
312611907
13259019
1332408675
1448374988
1091797421
789328014
80996396
1392910247
186228235
597698870
127193806
1941214265
1819885482
235200042
1331025033
1260723224
2068105467
231299909
676876287
1019304620
1134561363
1821872841
756807796
1704827491
1868231058
2130530188
1384408694
1948413547
1686791062
618198881
73825058
206915247
2053761765
1168017184
181330890
2045372737
1861363710
1594704115
83083954
1247127707
823072035
6441594
708588953
939547160
1946584308
1325760430
156324027
1668536376
846337945
298838889
1154910256
1728882167
1519144246
911206864
1089917118
532112471
372212905
310493839
216947348
1482158339
505876735
615612009
2067029090
1391238893
1705969598
461567959
1179655793
1078676899
1907995695
870280317
2047114878
610083139
66641475
384324306
20632783
1863316319
740659735
985386747
1234157104
2014953371
1379722592
836997036
1354107113
2014961237
982877609
718088519
400767798
1229101166
1242369479
2009076325
1195229902
1760322869
1372184882
360184061
1808314710
1898452922
1077525964
558427040
352268814
1668164863
1247127707
957831339
1093864812
570670082
1022298028
1155721377
704741975
430067539
737328274
1754033896
166643624
525604773
471180773
1064687084
1304252272
969138323
1674350722
1473720030
396135092
464343242
1080639613
312611907
2104912488
848126268
890446419
1767145035
1103539660
1653662173
1351272217
1049624409
1413004076
636630574
774299027
149805457
2064324227
1088799083
1879263327
1854915123
810857702
108431226
64221391
2060666874
310418873
715788587
1248348418
1435133847
756807796
181947329
285356970
901295727
1720494784
553029607
2130687802
1935002942
1518583209
1388921774
19505558
1419330413
1203463753
466196812
969322457
1463481222
996438034
2058805631
2036560549
1308870791
1122389175
1846149874
436418714
1635758276
1849220765
1551602263
1286511693
787028678
91474730
1236927369
1999511938
2068471920
377472348
1541379946
1517180900
1251467783
1018892397
142388454
1405230162
1427803702
1132534180
1904886259
667312311
1276137545
1187651655
1512266505
1078676899
610093434
568673197
719913426
1913617184
1998180399
1170621253
409687793
1048897057
694994767
1281227347
1079477148
555486609
798134081
1719661246
2007685235
187696504
199433039
835699502
203720030
646550461
2138195983
866474539
114805804
1913617184
83506924
341061312
1277246680
2034712366
467093948
1721246837
286637647
687202969
1087989099
2002645214
328301192
358461699
1355433657
1093864812
2069331529
756807796
1753131265
152592125
1085725463
1287666472
1589763318
546943404
859880606
1131115421
72515490
1643415201
231177603
1902737335
729081380
915852733
436302656
1534827968
2120318492
1554341189
987715988
792422428
1298717473
1193343818
282483564
420877597
1701701701
2058708860
1088491874
806476468
60918348
573129664
672138927
44837567
1245857583
1989849872
361430628
1949717583
52646149
1705679
1826526
129948340
30905361
1258914946
514383077
225010197
111995009
367016163
1811079048
84285948
808570135
356630798
198011
33261489
1178911788
1287666472
994043010
1489703530
934352067
616300387
267034661
2002804933
1725327833
2125429421
228887776
114432506
65186268
224450030
155017137
225821544
1753430272
497540940
663998045
1741116312
1847279091
2120593752
845717203
1308361085
1435133847
1087378376
1464703938
791025007
2029823860
5884851
49113048
111019823
1388921774
1596458983
350932355
1534412594
237796389
1483717631
701085273
1558549178
1061616967
812703488
1885206548
1281227347
840134250
328653209
1773755621
1596980352
2009076325
1643415201
307848365
1645379436
895888496
808898325
20632783
750797973
1860675301
2001322953
1323508121
2074078708
6103500
1761963393
1760665691
899093320
887972091
389114981
863245626
714516765
889997408
732450842
1128981408
1460449849
301562104
884577204
729081380
1965845880
1582664031
2147483531
1365202260
2141197860
2137797188
409687793
747412904
1564547824
1098610397
1304946912
357267914
2137193328
481899197
1877694143
2122026730
1796580167
1270235958
403806708
1422497390
1148082606
746673774
972026726
20240709
349141182
2021007972
615419714
1252535534
66641475
630675985
285456031
876461732
1066156125
468911657
339386098
297808054
406781990
731106034
1807468129
620848910
646075105
412091859
1429563755
1311179515
636630574
124411586
565450994
225547016
1687111581
558422354
907222860
873850787
202010101
568673197
770101047
1021627114
99476753
798134081
1119904591
1715726355
1169862957
35962122
1985197618
193931091
790757974
1026329281
2041273847
418180040
1447581401
1678112869
1295990407
2102248814
1468214484
583186530
500724795
145888797
296223535
246977673
524209
1311137328
1826725132
685161235
884577204
1082297318
2012511350
772534045
849740648
1877694143
732450842
2060666874
1399084193
275579248
1172663529
1174706486
1946584308
2142131706
586494122
1077872391
292061303
1287666472
1217984205
1426070589
232503234
1703368248
359445543
2008206725
387955216
124411586
901295727
956204778
716174156
882264340
1917582787
990156743
2122396450
1635758276
1086135867
1383428074
1780363501
478503022
1809787094
866474539
2020746864
2020949754
2142931314
1772120179
1947232917
2069331529
524846382
1590767370
1732504088
770142663
372252665
742345408
208214055
1415470335
737400613
655755210
361430628
2130104004
356417332
892175512
939547160
1269400603
2020949754
1598622888
269199184
1809787094
56181964
928335232
1181694592
1225084679
1445106101
234066055
1228385825
1885206548
360184061
583559141
1328020351
1234232271
1316764116
2032060201
281369880
1838302580
38201021
593136055
842816461
1518651152
907306151
43933419
1572357696
312791327
972026726
266080078
1783571292
885184881
1506700812
140661673
145888797
2129345533
207008691
540835779
430557678
1081769911
1412349621
1906345376
394127017
303439427
773278398
1261178551
44837567
195905341
625617200
1561989149
279381929
1706155370
1141221263
1509326713
1944641362
1952321430
2068799934
357456375
792798827
672138927
1062149768
1451180766
1352839588
2049062675
181947329
1847771417
446267109
1827415117
1243714159
1286033036
1852694921
1232650027
83506924
1628773701
1629888615
422364058
1887519744
377702147
427564108
198011
1407783695
497540940
996438034
2001783454
1065040102
1145745108
2077857647
1539350000
1587618073
1585274819
1816463484
1738104156
733150909
1238975416
1676898487
524846382
754609818
2049062675
1502226099
626731560
1163313729
840784288
486954415
1675487866
1484544833
1998180399
989377547
915344785
2069828928
1786996105
1391238893
194542978
1982945704
479747208
465249928
184634010
1146488770
438163445
543937762
713526200
1850187902
1849359695
912096647
1682108734
1728890944
231177603
1781547912
848233392
1185006503
1727090468
1649948121
698505341
360184061
1732839766
1300091671
2036253094
546943404
326949173
134520565
1914900546
1827326672
275827635
1974103650
831659135
1746474819
1283892038
12306469
1640814040
667440766
443114119
832573558
1049624409
100621856
947076707
392313242
1089248341
1805408266
1631508526
1248054629
1017714746
1130768914
616939003
1541379946
1823359178
517931602
623939973
716174156
505876735
1554341189
1916799941
1290623133
1947710776
1697588088
317062557
1909674538
1138277111
2138195983
55813314
250227646
1059344000
403806708
1352575933
495149352
1759814276
1630445038
1591058138
841369449
1918487444
411462545
1639763834
942949322
200179683
899511697
1940124286
1343029489
1548768049
381395752
1758144425
1912094485
1272284222
1900954018
639167447
287120315
770599241
1529971771
420877597
2137797188
1642231307
1052501967
1346872339
350895719
1066493250
1602601414
138303649
1680541178
920432122
1141221263
810278890
1011912438
1141131270
1947394361
29827747
780206567
310493839
9191035
345708707
849928523
463128587
1257906628
21089497
1811064454
989377547
1362703881
659132918
1610775694
397798852
117431752
1803559495
1665782197
1948488790
1811327831
1088799083
1331025033
1564907754
295008341
1773755621
93396392
107139715
79255064
244795844
1660005197
591644090
435662541
2136303011
1846088908
609337585
409687793
1758696141
666020505
16225564
1889435097
449770996
2062410442
350489641
861599262
423453124
1659926213
1604628011
1941508172
481736115
2059252021
306788826
997885463
1441803030
1515807012
2005572113
2103404337
96410414
1972623488
1346872339
965065775
1007045934
1412437284
187707745
912614261
1623161625
28411705
953692902
248452049
2036560549
330920138
458633347
2131749399
1017766944
1838930122
1346440618
620252086
341061312
2132363052
2044914314
1923127518
248453006
1112686928
2137193328
756212050
2146511219
541823581
1680125918
1608648735
1342985666
1605549927
2010924515
1407783695
1946157952
66112103
97514602
486019232
1849220765
1488453943
476356216
142587966
1682093619
93592570
445268191
249651973
297808054
1122096946
128032091
1035312487
1792915532
1328020351
1911701846
10010938
242817253
702363084
2125262188
134520565
1033513300
1949717583
1473668219
1002086332
1079477148
1358771822
716174156
865074234
1419408028
1515150230
1603879719
1256368709
2147215785
1693144698
291373588
1434824046
93592570
1569637888
800613579
1976273099
1591058138
199144168
982076370
803794002
1154806387
1917582787
