31793464
31793464
61653134
39869317
31793464
27309020
79773945
98313099
77710713
53874109
41847762
31793464
49626725
35397754
34751113
90120126
49459750
25301426
97540696
50552016
60959609
47365733
9153925
3463893
75504362
23269176
56495760
3463893
8352756
27309020
10220968
97540696
16805297
34167507
73081179
73081179
25301426
34167507
64535511
73398016
8347424
10253628
10220968
3182114
64535511
53787068
23269176
76494913
41847762
81974171
54459667
28344288
37874660
14214046
31656896
82587221
77559820
9917111
95084311
39707269
64525434
55588255
79065618
4045943
27038660
77559820
78964097
10253628
53787068
87694077
15841109
88808259
24544321
55588255
33110797
65859301
92935826
89821756
68260679
94206709
75884693
88808259
81178171
8352756
8352756
87828128
60288223
78769534
37874660
91917172
68231424
87228480
66598593
98313099
19450889
77470689
44676704
37499479
24087875
27182578
8558253
52286364
52031278
14214046
46943472
37874660
33110797
9153925
37874660
3638956
40043392
39228566
44703033
67211545
82587221
73398016
76494913
58301494
56023962
56023962
3537420
34750791
76234905
26680183
41655318
20798999
32737540
57741912
15740731
85329987
47087890
55669366
30768280
11263067
54384532
75504362
65787164
41423982
40627153
67211545
7432488
51745151
24742480
70047679
52887107
92935826
36182261
9411164
42538078
6259396
55588255
87228480
15815408
67537388
11263067
84016241
4045943
47365733
39869317
80922955
10992955
37430842
49941138
21711554
95120775
91243374
77405525
56147105
37516306
