2844341
37805891
37805891
78869098
3019608
3885712
12100362
77055575
95667665
3019608
27258092
25845768
77055575
47711461
37106458
37805891
58228640
52265060
32374021
26181601
47711461
10923475
96984143
46989188
78869098
6252225
35232360
23813948
68623695
13977435
12100362
23813948
66796878
95667665
92108159
84071980
58228640
72996662
86995537
48810327
96675326
3033250
27258092
80057064
59727155
69992329
5113852
66121838
57888250
92404181
96675326
55978814
13564858
20156552
66679528
605874
71827180
45264366
35232360
9569108
78869098
6747921
45604561
80057064
92404181
33118124
50708532
19418720
66796878
63748174
11833567
18048385
97503536
84071980
26181601
14076516
83940579
55983599
77596977
40415370
32281185
33118124
77884912
45650073
32281185
53913384
89196416
29051353
45604561
79634581
34681774
59727155
90948487
75292384
63960210
6852946
90915178
27258092
99702416
45264366
46989188
77596977
96604534
3885712
93394986
16436822
13530852
71241896
26181601
16436822
56716771
47966448
58484929
62835267
89196416
6774382
17208683
28748249
56628321
6274453
98872077
87769293
21267828
45623258
12563535
77596977
17208683
57888250
46996793
33118124
15776516
44392380
9787810
94892099
23726259
30556302
16163579
92037376
52300432
9841834
95888948
69331560
32374021
66796878
36986281
85027018
37106458
6252225
61967175
90585370
32496977
92148032
24477227
69331560
45087741
62807981
43500140
80077916
47800476
300232
31326968
77055575
90948487
68278412
92404181
41646797
86995537
27185140
60167102
14345179
66679528
84071980
79857734
79857734
6774382
46770434
